<?xml version="1.0" encoding="UTF-8"?>
<testsuite xmlns:xsi="http://www.w3.org/2001/XMLSchema-instance" xsi:noNamespaceSchemaLocation="https://maven.apache.org/surefire/maven-surefire-plugin/xsd/surefire-test-report-3.0.xsd" version="3.0" name="com.structurizr.confluence.adf.AdfDocumentTest" time="0.207" tests="3" errors="0" skipped="0" failures="0">
  <properties>
[...]
</properties>
  <testcase name="shouldAddContentToDocument" classname="com.structurizr.confluence.adf.AdfDocumentTest" time="0.027"/>
  <testcase name="shouldCreateBasicDocument" classname="com.structurizr.confluence.adf.AdfDocumentTest" time="0.002"/>
  <testcase name="shouldSerializeToJson" classname="com.structurizr.confluence.adf.AdfDocumentTest" time="0.04"/>
</testsuite>